INFO:werkzeug:[31m[1mWARNING: This is a development server. Do not use it in a production deployment. Use a production WSGI server instead.[0m
 * Running on http://127.0.0.1:5000
INFO:werkzeug:[33mPress CTRL+C to quit[0m
INFO:werkzeug: * Restarting with watchdog (windowsapi)
WARNING:werkzeug: * Debugger is active!
INFO:werkzeug: * Debugger PIN: 142-307-303
INFO:werkzeug:127.0.0.1 - - [06/May/2025 21:36:25] "[32mGET / HTTP/1.1[0m" 302 -
INFO:werkzeug:127.0.0.1 - - [06/May/2025 21:36:27] "GET /login HTTP/1.1" 200 -
INFO:werkzeug:127.0.0.1 - - [06/May/2025 21:36:27] "[33mGET /favicon.ico HTTP/1.1[0m" 404 -
INFO:werkzeug:127.0.0.1 - - [06/May/2025 21:36:36] "GET /login HTTP/1.1" 200 -
INFO:werkzeug:127.0.0.1 - - [06/May/2025 21:36:38] "GET /login HTTP/1.1" 200 -
INFO:werkzeug:127.0.0.1 - - [06/May/2025 21:38:47] "GET /login HTTP/1.1" 200 -
INFO:werkzeug:127.0.0.1 - - [06/May/2025 21:39:19] "GET /login HTTP/1.1" 200 -
INFO:werkzeug:127.0.0.1 - - [06/May/2025 21:41:13] "GET /login HTTP/1.1" 200 -
INFO:werkzeug:127.0.0.1 - - [06/May/2025 21:41:57] "[32mPOST /login HTTP/1.1[0m" 302 -
INFO:werkzeug:127.0.0.1 - - [06/May/2025 21:41:57] "GET / HTTP/1.1" 200 -
INFO:werkzeug:127.0.0.1 - - [06/May/2025 21:42:23] "GET / HTTP/1.1" 200 -
INFO:werkzeug:127.0.0.1 - - [06/May/2025 21:42:25] "GET / HTTP/1.1" 200 -
INFO:werkzeug:127.0.0.1 - - [06/May/2025 21:42:26] "GET / HTTP/1.1" 200 -
INFO:werkzeug:127.0.0.1 - - [06/May/2025 21:43:52] "GET / HTTP/1.1" 200 -
INFO:werkzeug:127.0.0.1 - - [06/May/2025 21:44:03] "[32mPOST /toggle-sync HTTP/1.1[0m" 302 -
INFO:werkzeug:127.0.0.1 - - [06/May/2025 21:44:03] "GET / HTTP/1.1" 200 -
INFO:werkzeug:127.0.0.1 - - [06/May/2025 21:44:04] "[32mPOST /toggle-sync HTTP/1.1[0m" 302 -
INFO:werkzeug:127.0.0.1 - - [06/May/2025 21:44:04] "GET / HTTP/1.1" 200 -
INFO:root:{'file': 'watch_folder\\Credit Card Fraud Detection.ipynb - Colab_files\\4pbpW_rAqcOeS6hEUaHQz4OxZ89eKEymdS8KphqvIV8.js.download', 'status': 'Uploaded', 'time': '2025-05-06 21:45:54'}
INFO:root:{'file': 'watch_folder\\Credit Card Fraud Detection.ipynb - Colab_files\\4pbpW_rAqcOeS6hEUaHQz4OxZ89eKEymdS8KphqvIV8.js.download', 'status': 'Uploaded', 'time': '2025-05-06 21:45:54'}
INFO:root:{'file': 'watch_folder\\Credit Card Fraud Detection.ipynb - Colab_files\\4pbpW_rAqcOeS6hEUaHQz4OxZ89eKEymdS8KphqvIV8.js.download', 'status': 'Skipped - CPU busy', 'time': '2025-05-06 21:45:56'}
INFO:root:{'file': 'watch_folder\\Credit Card Fraud Detection.ipynb - Colab_files\\4pbpW_rAqcOeS6hEUaHQz4OxZ89eKEymdS8KphqvIV8.js.download', 'status': 'Skipped - CPU busy', 'time': '2025-05-06 21:45:56'}
INFO:root:{'file': 'watch_folder\\Credit Card Fraud Detection.ipynb - Colab_files\\4pbpW_rAqcOeS6hEUaHQz4OxZ89eKEymdS8KphqvIV8.js.download', 'status': 'Skipped - CPU busy', 'time': '2025-05-06 21:45:57'}
INFO:root:{'file': 'watch_folder\\Credit Card Fraud Detection.ipynb - Colab_files\\4pbpW_rAqcOeS6hEUaHQz4OxZ89eKEymdS8KphqvIV8.js.download', 'status': 'Skipped - CPU busy', 'time': '2025-05-06 21:45:57'}
INFO:root:{'file': 'watch_folder\\Credit Card Fraud Detection.ipynb - Colab_files\\analytics.js.download', 'status': 'Uploaded', 'time': '2025-05-06 21:45:59'}
INFO:root:{'file': 'watch_folder\\Credit Card Fraud Detection.ipynb - Colab_files\\analytics.js.download', 'status': 'Uploaded', 'time': '2025-05-06 21:45:59'}
INFO:root:{'file': 'watch_folder\\Credit Card Fraud Detection.ipynb - Colab_files\\analytics.js.download', 'status': 'Uploaded', 'time': '2025-05-06 21:46:01'}
INFO:root:{'file': 'watch_folder\\Credit Card Fraud Detection.ipynb - Colab_files\\analytics.js.download', 'status': 'Uploaded', 'time': '2025-05-06 21:46:01'}
INFO:werkzeug:127.0.0.1 - - [06/May/2025 21:46:01] "GET / HTTP/1.1" 200 -
INFO:root:{'file': 'watch_folder\\Credit Card Fraud Detection.ipynb - Colab_files\\analytics.js.download', 'status': 'Uploaded', 'time': '2025-05-06 21:46:03'}
INFO:root:{'file': 'watch_folder\\Credit Card Fraud Detection.ipynb - Colab_files\\analytics.js.download', 'status': 'Uploaded', 'time': '2025-05-06 21:46:03'}
INFO:root:{'file': 'watch_folder\\Credit Card Fraud Detection.ipynb - Colab_files\\analytics_binary.js.download', 'status': 'Uploaded', 'time': '2025-05-06 21:46:05'}
INFO:root:{'file': 'watch_folder\\Credit Card Fraud Detection.ipynb - Colab_files\\analytics_binary.js.download', 'status': 'Uploaded', 'time': '2025-05-06 21:46:05'}
INFO:root:{'file': 'watch_folder\\Credit Card Fraud Detection.ipynb - Colab_files\\analytics_binary.js.download', 'status': 'Uploaded', 'time': '2025-05-06 21:46:07'}
INFO:root:{'file': 'watch_folder\\Credit Card Fraud Detection.ipynb - Colab_files\\analytics_binary.js.download', 'status': 'Uploaded', 'time': '2025-05-06 21:46:07'}
INFO:root:{'file': 'watch_folder\\Credit Card Fraud Detection.ipynb - Colab_files\\analytics_binary.js.download', 'status': 'Uploaded', 'time': '2025-05-06 21:46:09'}
INFO:root:{'file': 'watch_folder\\Credit Card Fraud Detection.ipynb - Colab_files\\analytics_binary.js.download', 'status': 'Uploaded', 'time': '2025-05-06 21:46:09'}
INFO:root:{'file': 'watch_folder\\Credit Card Fraud Detection.ipynb - Colab_files\\anchor.html', 'status': 'Uploaded', 'time': '2025-05-06 21:46:11'}
INFO:root:{'file': 'watch_folder\\Credit Card Fraud Detection.ipynb - Colab_files\\anchor.html', 'status': 'Uploaded', 'time': '2025-05-06 21:46:11'}
INFO:root:{'file': 'watch_folder\\Credit Card Fraud Detection.ipynb - Colab_files\\anchor.html', 'status': 'Uploaded', 'time': '2025-05-06 21:46:13'}
INFO:root:{'file': 'watch_folder\\Credit Card Fraud Detection.ipynb - Colab_files\\anchor.html', 'status': 'Uploaded', 'time': '2025-05-06 21:46:13'}
INFO:root:{'file': 'watch_folder\\Credit Card Fraud Detection.ipynb - Colab_files\\api(1).js.download', 'status': 'Uploaded', 'time': '2025-05-06 21:46:15'}
INFO:root:{'file': 'watch_folder\\Credit Card Fraud Detection.ipynb - Colab_files\\api(1).js.download', 'status': 'Uploaded', 'time': '2025-05-06 21:46:15'}
INFO:root:{'file': 'watch_folder\\Credit Card Fraud Detection.ipynb - Colab_files\\api(1).js.download', 'status': 'Uploaded', 'time': '2025-05-06 21:46:17'}
INFO:root:{'file': 'watch_folder\\Credit Card Fraud Detection.ipynb - Colab_files\\api(1).js.download', 'status': 'Uploaded', 'time': '2025-05-06 21:46:17'}
INFO:root:{'file': 'watch_folder\\Credit Card Fraud Detection.ipynb - Colab_files\\api(1).js.download', 'status': 'Uploaded', 'time': '2025-05-06 21:46:19'}
INFO:root:{'file': 'watch_folder\\Credit Card Fraud Detection.ipynb - Colab_files\\api(1).js.download', 'status': 'Uploaded', 'time': '2025-05-06 21:46:19'}
INFO:root:{'file': 'watch_folder\\Credit Card Fraud Detection.ipynb - Colab_files\\api.js.download', 'status': 'Uploaded', 'time': '2025-05-06 21:46:21'}
INFO:root:{'file': 'watch_folder\\Credit Card Fraud Detection.ipynb - Colab_files\\api.js.download', 'status': 'Uploaded', 'time': '2025-05-06 21:46:21'}
INFO:root:{'file': 'watch_folder\\Credit Card Fraud Detection.ipynb - Colab_files\\api.js.download', 'status': 'Uploaded', 'time': '2025-05-06 21:46:23'}
INFO:root:{'file': 'watch_folder\\Credit Card Fraud Detection.ipynb - Colab_files\\api.js.download', 'status': 'Uploaded', 'time': '2025-05-06 21:46:23'}
INFO:root:{'file': 'watch_folder\\Credit Card Fraud Detection.ipynb - Colab_files\\api.js.download', 'status': 'Uploaded', 'time': '2025-05-06 21:46:25'}
INFO:root:{'file': 'watch_folder\\Credit Card Fraud Detection.ipynb - Colab_files\\api.js.download', 'status': 'Uploaded', 'time': '2025-05-06 21:46:25'}
INFO:root:{'file': 'watch_folder\\Credit Card Fraud Detection.ipynb - Colab_files\\bscframe.html', 'status': 'Uploaded', 'time': '2025-05-06 21:46:27'}
INFO:root:{'file': 'watch_folder\\Credit Card Fraud Detection.ipynb - Colab_files\\bscframe.html', 'status': 'Uploaded', 'time': '2025-05-06 21:46:27'}
INFO:root:{'file': 'watch_folder\\Credit Card Fraud Detection.ipynb - Colab_files\\bscframe.html', 'status': 'Uploaded', 'time': '2025-05-06 21:46:29'}
INFO:root:{'file': 'watch_folder\\Credit Card Fraud Detection.ipynb - Colab_files\\bscframe.html', 'status': 'Uploaded', 'time': '2025-05-06 21:46:29'}
INFO:root:{'file': 'watch_folder\\Credit Card Fraud Detection.ipynb - Colab_files\\bundle.css', 'status': 'Uploaded', 'time': '2025-05-06 21:46:31'}
INFO:root:{'file': 'watch_folder\\Credit Card Fraud Detection.ipynb - Colab_files\\bundle.css', 'status': 'Uploaded', 'time': '2025-05-06 21:46:31'}
INFO:root:{'file': 'watch_folder\\Credit Card Fraud Detection.ipynb - Colab_files\\bundle.css', 'status': 'Uploaded', 'time': '2025-05-06 21:46:33'}
INFO:root:{'file': 'watch_folder\\Credit Card Fraud Detection.ipynb - Colab_files\\bundle.css', 'status': 'Uploaded', 'time': '2025-05-06 21:46:33'}
INFO:root:{'file': 'watch_folder\\Credit Card Fraud Detection.ipynb - Colab_files\\bundle.css', 'status': 'Uploaded', 'time': '2025-05-06 21:46:35'}
INFO:root:{'file': 'watch_folder\\Credit Card Fraud Detection.ipynb - Colab_files\\bundle.css', 'status': 'Uploaded', 'time': '2025-05-06 21:46:35'}
INFO:root:{'file': 'watch_folder\\Credit Card Fraud Detection.ipynb - Colab_files\\cb=gapi(1).loaded_0', 'status': 'Uploaded', 'time': '2025-05-06 21:46:37'}
INFO:root:{'file': 'watch_folder\\Credit Card Fraud Detection.ipynb - Colab_files\\cb=gapi(1).loaded_0', 'status': 'Uploaded', 'time': '2025-05-06 21:46:37'}
INFO:root:{'file': 'watch_folder\\Credit Card Fraud Detection.ipynb - Colab_files\\cb=gapi(1).loaded_0', 'status': 'Uploaded', 'time': '2025-05-06 21:46:39'}
INFO:root:{'file': 'watch_folder\\Credit Card Fraud Detection.ipynb - Colab_files\\cb=gapi(1).loaded_0', 'status': 'Uploaded', 'time': '2025-05-06 21:46:39'}
INFO:root:{'file': 'watch_folder\\Credit Card Fraud Detection.ipynb - Colab_files\\cb=gapi(1).loaded_0', 'status': 'Uploaded', 'time': '2025-05-06 21:46:41'}
INFO:root:{'file': 'watch_folder\\Credit Card Fraud Detection.ipynb - Colab_files\\cb=gapi(1).loaded_0', 'status': 'Uploaded', 'time': '2025-05-06 21:46:41'}
INFO:root:{'file': 'watch_folder\\Credit Card Fraud Detection.ipynb - Colab_files\\cb=gapi.loaded_0', 'status': 'Uploaded', 'time': '2025-05-06 21:46:43'}
INFO:root:{'file': 'watch_folder\\Credit Card Fraud Detection.ipynb - Colab_files\\cb=gapi.loaded_0', 'status': 'Uploaded', 'time': '2025-05-06 21:46:43'}
INFO:root:{'file': 'watch_folder\\Credit Card Fraud Detection.ipynb - Colab_files\\cb=gapi.loaded_0', 'status': 'Uploaded', 'time': '2025-05-06 21:46:45'}
INFO:root:{'file': 'watch_folder\\Credit Card Fraud Detection.ipynb - Colab_files\\cb=gapi.loaded_0', 'status': 'Uploaded', 'time': '2025-05-06 21:46:45'}
INFO:root:{'file': 'watch_folder\\Credit Card Fraud Detection.ipynb - Colab_files\\cb=gapi.loaded_0', 'status': 'Uploaded', 'time': '2025-05-06 21:46:47'}
INFO:root:{'file': 'watch_folder\\Credit Card Fraud Detection.ipynb - Colab_files\\cb=gapi.loaded_0', 'status': 'Uploaded', 'time': '2025-05-06 21:46:47'}
INFO:root:{'file': 'watch_folder\\Credit Card Fraud Detection.ipynb - Colab_files\\cb=gapi.loaded_1', 'status': 'Uploaded', 'time': '2025-05-06 21:46:49'}
INFO:root:{'file': 'watch_folder\\Credit Card Fraud Detection.ipynb - Colab_files\\cb=gapi.loaded_1', 'status': 'Uploaded', 'time': '2025-05-06 21:46:49'}
INFO:root:{'file': 'watch_folder\\Credit Card Fraud Detection.ipynb - Colab_files\\cb=gapi.loaded_1', 'status': 'Uploaded', 'time': '2025-05-06 21:46:51'}
INFO:root:{'file': 'watch_folder\\Credit Card Fraud Detection.ipynb - Colab_files\\cb=gapi.loaded_1', 'status': 'Uploaded', 'time': '2025-05-06 21:46:51'}
INFO:root:{'file': 'watch_folder\\Credit Card Fraud Detection.ipynb - Colab_files\\cb=gapi.loaded_1', 'status': 'Uploaded', 'time': '2025-05-06 21:46:53'}
INFO:root:{'file': 'watch_folder\\Credit Card Fraud Detection.ipynb - Colab_files\\cb=gapi.loaded_1', 'status': 'Uploaded', 'time': '2025-05-06 21:46:53'}
INFO:root:{'file': 'watch_folder\\Credit Card Fraud Detection.ipynb - Colab_files\\css', 'status': 'Uploaded', 'time': '2025-05-06 21:46:55'}
INFO:root:{'file': 'watch_folder\\Credit Card Fraud Detection.ipynb - Colab_files\\css', 'status': 'Uploaded', 'time': '2025-05-06 21:46:55'}
INFO:root:{'file': 'watch_folder\\Credit Card Fraud Detection.ipynb - Colab_files\\css', 'status': 'Uploaded', 'time': '2025-05-06 21:46:57'}
INFO:root:{'file': 'watch_folder\\Credit Card Fraud Detection.ipynb - Colab_files\\css', 'status': 'Uploaded', 'time': '2025-05-06 21:46:57'}
INFO:root:{'file': 'watch_folder\\Credit Card Fraud Detection.ipynb - Colab_files\\css', 'status': 'Uploaded', 'time': '2025-05-06 21:46:59'}
INFO:root:{'file': 'watch_folder\\Credit Card Fraud Detection.ipynb - Colab_files\\css', 'status': 'Uploaded', 'time': '2025-05-06 21:46:59'}
INFO:root:{'file': 'watch_folder\\Credit Card Fraud Detection.ipynb - Colab_files\\css2', 'status': 'Uploaded', 'time': '2025-05-06 21:47:01'}
INFO:root:{'file': 'watch_folder\\Credit Card Fraud Detection.ipynb - Colab_files\\css2', 'status': 'Uploaded', 'time': '2025-05-06 21:47:01'}
INFO:root:{'file': 'watch_folder\\Credit Card Fraud Detection.ipynb - Colab_files\\css2', 'status': 'Uploaded', 'time': '2025-05-06 21:47:03'}
INFO:root:{'file': 'watch_folder\\Credit Card Fraud Detection.ipynb - Colab_files\\css2', 'status': 'Uploaded', 'time': '2025-05-06 21:47:03'}
INFO:root:{'file': 'watch_folder\\Credit Card Fraud Detection.ipynb - Colab_files\\css2', 'status': 'Uploaded', 'time': '2025-05-06 21:47:05'}
INFO:root:{'file': 'watch_folder\\Credit Card Fraud Detection.ipynb - Colab_files\\css2', 'status': 'Uploaded', 'time': '2025-05-06 21:47:05'}
INFO:root:{'file': 'watch_folder\\Credit Card Fraud Detection.ipynb - Colab_files\\editor.main.css', 'status': 'Uploaded', 'time': '2025-05-06 21:47:07'}
INFO:root:{'file': 'watch_folder\\Credit Card Fraud Detection.ipynb - Colab_files\\editor.main.css', 'status': 'Uploaded', 'time': '2025-05-06 21:47:07'}
INFO:root:{'file': 'watch_folder\\Credit Card Fraud Detection.ipynb - Colab_files\\editor.main.css', 'status': 'Uploaded', 'time': '2025-05-06 21:47:09'}
INFO:root:{'file': 'watch_folder\\Credit Card Fraud Detection.ipynb - Colab_files\\editor.main.css', 'status': 'Uploaded', 'time': '2025-05-06 21:47:09'}
INFO:werkzeug:127.0.0.1 - - [06/May/2025 21:47:11] "GET / HTTP/1.1" 200 -
INFO:root:{'file': 'watch_folder\\Credit Card Fraud Detection.ipynb - Colab_files\\editor.main.css', 'status': 'Uploaded', 'time': '2025-05-06 21:47:11'}
INFO:root:{'file': 'watch_folder\\Credit Card Fraud Detection.ipynb - Colab_files\\editor.main.css', 'status': 'Uploaded', 'time': '2025-05-06 21:47:11'}
INFO:root:{'file': 'watch_folder\\Credit Card Fraud Detection.ipynb - Colab_files\\editor.main.js.download', 'status': 'Uploaded', 'time': '2025-05-06 21:47:13'}
INFO:root:{'file': 'watch_folder\\Credit Card Fraud Detection.ipynb - Colab_files\\editor.main.js.download', 'status': 'Uploaded', 'time': '2025-05-06 21:47:15'}
INFO:root:{'file': 'watch_folder\\Credit Card Fraud Detection.ipynb - Colab_files\\editor.main.js.download', 'status': 'Uploaded', 'time': '2025-05-06 21:47:15'}
INFO:root:{'file': 'watch_folder\\Credit Card Fraud Detection.ipynb - Colab_files\\editor.main.js.download', 'status': 'Uploaded', 'time': '2025-05-06 21:47:17'}
INFO:root:{'file': 'watch_folder\\Credit Card Fraud Detection.ipynb - Colab_files\\editor.main.nls.js.download', 'status': 'Uploaded', 'time': '2025-05-06 21:47:19'}
INFO:root:{'file': 'watch_folder\\Credit Card Fraud Detection.ipynb - Colab_files\\editor.main.nls.js.download', 'status': 'Uploaded', 'time': '2025-05-06 21:47:21'}
INFO:root:{'file': 'watch_folder\\Credit Card Fraud Detection.ipynb - Colab_files\\editor.main.nls.js.download', 'status': 'Uploaded', 'time': '2025-05-06 21:47:21'}
INFO:root:{'file': 'watch_folder\\Credit Card Fraud Detection.ipynb - Colab_files\\editor.main.nls.js.download', 'status': 'Uploaded', 'time': '2025-05-06 21:47:23'}
INFO:root:{'file': 'watch_folder\\Credit Card Fraud Detection.ipynb - Colab_files\\editor.main.nls.js.download', 'status': 'Uploaded', 'time': '2025-05-06 21:47:23'}
INFO:root:{'file': 'watch_folder\\Credit Card Fraud Detection.ipynb - Colab_files\\external_binary_l10n__en_gb.js.download', 'status': 'Uploaded', 'time': '2025-05-06 21:47:25'}
INFO:root:{'file': 'watch_folder\\Credit Card Fraud Detection.ipynb - Colab_files\\external_binary_l10n__en_gb.js.download', 'status': 'Uploaded', 'time': '2025-05-06 21:47:25'}
INFO:root:{'file': 'watch_folder\\Credit Card Fraud Detection.ipynb - Colab_files\\external_binary_l10n__en_gb.js.download', 'status': 'Uploaded', 'time': '2025-05-06 21:47:27'}
INFO:root:{'file': 'watch_folder\\Credit Card Fraud Detection.ipynb - Colab_files\\external_binary_l10n__en_gb.js.download', 'status': 'Uploaded', 'time': '2025-05-06 21:47:27'}
INFO:root:{'file': 'watch_folder\\Credit Card Fraud Detection.ipynb - Colab_files\\external_binary_l10n__en_gb.js.download', 'status': 'Uploaded', 'time': '2025-05-06 21:47:29'}
INFO:root:{'file': 'watch_folder\\Credit Card Fraud Detection.ipynb - Colab_files\\external_binary_l10n__en_gb.js.download', 'status': 'Uploaded', 'time': '2025-05-06 21:47:29'}
INFO:root:{'file': 'watch_folder\\Credit Card Fraud Detection.ipynb - Colab_files\\gapi_loader.js.download', 'status': 'Uploaded', 'time': '2025-05-06 21:47:31'}
INFO:root:{'file': 'watch_folder\\Credit Card Fraud Detection.ipynb - Colab_files\\gapi_loader.js.download', 'status': 'Uploaded', 'time': '2025-05-06 21:47:31'}
INFO:root:{'file': 'watch_folder\\Credit Card Fraud Detection.ipynb - Colab_files\\gapi_loader.js.download', 'status': 'Uploaded', 'time': '2025-05-06 21:47:33'}
INFO:root:{'file': 'watch_folder\\Credit Card Fraud Detection.ipynb - Colab_files\\gapi_loader.js.download', 'status': 'Uploaded', 'time': '2025-05-06 21:47:33'}
INFO:root:{'file': 'watch_folder\\Credit Card Fraud Detection.ipynb - Colab_files\\gapi_loader.js.download', 'status': 'Uploaded', 'time': '2025-05-06 21:47:35'}
INFO:root:{'file': 'watch_folder\\Credit Card Fraud Detection.ipynb - Colab_files\\gapi_loader.js.download', 'status': 'Uploaded', 'time': '2025-05-06 21:47:35'}
INFO:root:{'file': 'watch_folder\\Credit Card Fraud Detection.ipynb - Colab_files\\googleapis.proxy.js.download', 'status': 'Uploaded', 'time': '2025-05-06 21:47:37'}
INFO:root:{'file': 'watch_folder\\Credit Card Fraud Detection.ipynb - Colab_files\\googleapis.proxy.js.download', 'status': 'Uploaded', 'time': '2025-05-06 21:47:37'}
INFO:root:{'file': 'watch_folder\\Credit Card Fraud Detection.ipynb - Colab_files\\googleapis.proxy.js.download', 'status': 'Uploaded', 'time': '2025-05-06 21:47:39'}
INFO:root:{'file': 'watch_folder\\Credit Card Fraud Detection.ipynb - Colab_files\\googleapis.proxy.js.download', 'status': 'Uploaded', 'time': '2025-05-06 21:47:39'}
INFO:root:{'file': 'watch_folder\\Credit Card Fraud Detection.ipynb - Colab_files\\googleapis.proxy.js.download', 'status': 'Uploaded', 'time': '2025-05-06 21:47:41'}
INFO:root:{'file': 'watch_folder\\Credit Card Fraud Detection.ipynb - Colab_files\\googleapis.proxy.js.download', 'status': 'Uploaded', 'time': '2025-05-06 21:47:41'}
INFO:werkzeug:127.0.0.1 - - [06/May/2025 21:47:42] "GET / HTTP/1.1" 200 -
INFO:root:{'file': 'watch_folder\\Credit Card Fraud Detection.ipynb - Colab_files\\js_monaco_editor_vs_loader.js.download', 'status': 'Uploaded', 'time': '2025-05-06 21:47:43'}
INFO:root:{'file': 'watch_folder\\Credit Card Fraud Detection.ipynb - Colab_files\\js_monaco_editor_vs_loader.js.download', 'status': 'Uploaded', 'time': '2025-05-06 21:47:43'}
INFO:root:{'file': 'watch_folder\\Credit Card Fraud Detection.ipynb - Colab_files\\js_monaco_editor_vs_loader.js.download', 'status': 'Uploaded', 'time': '2025-05-06 21:47:45'}
INFO:root:{'file': 'watch_folder\\Credit Card Fraud Detection.ipynb - Colab_files\\js_monaco_editor_vs_loader.js.download', 'status': 'Uploaded', 'time': '2025-05-06 21:47:45'}
INFO:root:{'file': 'watch_folder\\Credit Card Fraud Detection.ipynb - Colab_files\\js_monaco_editor_vs_loader.js.download', 'status': 'Uploaded', 'time': '2025-05-06 21:47:47'}
INFO:root:{'file': 'watch_folder\\Credit Card Fraud Detection.ipynb - Colab_files\\js_monaco_editor_vs_loader.js.download', 'status': 'Uploaded', 'time': '2025-05-06 21:47:47'}
INFO:root:{'file': 'watch_folder\\Credit Card Fraud Detection.ipynb - Colab_files\\lazy.min.js.download', 'status': 'Uploaded', 'time': '2025-05-06 21:47:49'}
INFO:root:{'file': 'watch_folder\\Credit Card Fraud Detection.ipynb - Colab_files\\lazy.min.js.download', 'status': 'Uploaded', 'time': '2025-05-06 21:47:49'}
INFO:root:{'file': 'watch_folder\\Credit Card Fraud Detection.ipynb - Colab_files\\lazy.min.js.download', 'status': 'Uploaded', 'time': '2025-05-06 21:47:51'}
INFO:root:{'file': 'watch_folder\\Credit Card Fraud Detection.ipynb - Colab_files\\markdown.js.download', 'status': 'Uploaded', 'time': '2025-05-06 21:47:53'}
INFO:root:{'file': 'watch_folder\\Credit Card Fraud Detection.ipynb - Colab_files\\markdown.js.download', 'status': 'Uploaded', 'time': '2025-05-06 21:47:53'}
INFO:root:{'file': 'watch_folder\\Credit Card Fraud Detection.ipynb - Colab_files\\markdown.js.download', 'status': 'Uploaded', 'time': '2025-05-06 21:47:55'}
INFO:root:{'file': 'watch_folder\\Credit Card Fraud Detection.ipynb - Colab_files\\markdown.js.download', 'status': 'Uploaded', 'time': '2025-05-06 21:47:55'}
INFO:root:{'file': 'watch_folder\\Credit Card Fraud Detection.ipynb - Colab_files\\markdown.js.download', 'status': 'Uploaded', 'time': '2025-05-06 21:47:57'}
INFO:root:{'file': 'watch_folder\\Credit Card Fraud Detection.ipynb - Colab_files\\markdown.js.download', 'status': 'Uploaded', 'time': '2025-05-06 21:47:57'}
INFO:root:{'file': 'watch_folder\\Credit Card Fraud Detection.ipynb - Colab_files\\MathJax.js.download', 'status': 'Uploaded', 'time': '2025-05-06 21:47:59'}
INFO:root:{'file': 'watch_folder\\Credit Card Fraud Detection.ipynb - Colab_files\\MathJax.js.download', 'status': 'Uploaded', 'time': '2025-05-06 21:48:01'}
INFO:root:{'file': 'watch_folder\\Credit Card Fraud Detection.ipynb - Colab_files\\MathJax.js.download', 'status': 'Uploaded', 'time': '2025-05-06 21:48:03'}
INFO:werkzeug:127.0.0.1 - - [06/May/2025 21:48:04] "GET / HTTP/1.1" 200 -
INFO:root:{'file': 'watch_folder\\Credit Card Fraud Detection.ipynb - Colab_files\\outputframe(1).html', 'status': 'Uploaded', 'time': '2025-05-06 21:48:05'}
INFO:root:{'file': 'watch_folder\\Credit Card Fraud Detection.ipynb - Colab_files\\outputframe(1).html', 'status': 'Uploaded', 'time': '2025-05-06 21:48:07'}
INFO:root:{'file': 'watch_folder\\Credit Card Fraud Detection.ipynb - Colab_files\\outputframe(2).html', 'status': 'Uploaded', 'time': '2025-05-06 21:48:09'}
INFO:root:{'file': 'watch_folder\\Credit Card Fraud Detection.ipynb - Colab_files\\outputframe(2).html', 'status': 'Uploaded', 'time': '2025-05-06 21:48:09'}
INFO:root:{'file': 'watch_folder\\Credit Card Fraud Detection.ipynb - Colab_files\\outputframe(2).html', 'status': 'Uploaded', 'time': '2025-05-06 21:48:11'}
INFO:root:{'file': 'watch_folder\\Credit Card Fraud Detection.ipynb - Colab_files\\outputframe.html', 'status': 'Uploaded', 'time': '2025-05-06 21:48:13'}
INFO:root:{'file': 'watch_folder\\Credit Card Fraud Detection.ipynb - Colab_files\\outputframe.html', 'status': 'Uploaded', 'time': '2025-05-06 21:48:13'}
INFO:root:{'file': 'watch_folder\\Credit Card Fraud Detection.ipynb - Colab_files\\outputframe.html', 'status': 'Uploaded', 'time': '2025-05-06 21:48:15'}
INFO:root:{'file': 'watch_folder\\Credit Card Fraud Detection.ipynb - Colab_files\\outputframe.html', 'status': 'Uploaded', 'time': '2025-05-06 21:48:15'}
INFO:root:{'file': 'watch_folder\\Credit Card Fraud Detection.ipynb - Colab_files\\proxy.html', 'status': 'Uploaded', 'time': '2025-05-06 21:48:17'}
INFO:root:{'file': 'watch_folder\\Credit Card Fraud Detection.ipynb - Colab_files\\proxy.html', 'status': 'Uploaded', 'time': '2025-05-06 21:48:19'}
INFO:root:{'file': 'watch_folder\\Credit Card Fraud Detection.ipynb - Colab_files\\recaptcha__en_gb.js.download', 'status': 'Uploaded', 'time': '2025-05-06 21:48:21'}
INFO:root:{'file': 'watch_folder\\Credit Card Fraud Detection.ipynb - Colab_files\\recaptcha__en_gb.js.download', 'status': 'Uploaded', 'time': '2025-05-06 21:48:23'}
INFO:root:{'file': 'watch_folder\\Credit Card Fraud Detection.ipynb - Colab_files\\recaptcha__en_gb.js.download', 'status': 'Uploaded', 'time': '2025-05-06 21:48:23'}
INFO:werkzeug:127.0.0.1 - - [06/May/2025 21:48:25] "GET / HTTP/1.1" 200 -
INFO:root:{'file': 'watch_folder\\Credit Card Fraud Detection.ipynb - Colab_files\\recaptcha__en_gb.js.download', 'status': 'Uploaded', 'time': '2025-05-06 21:48:25'}
INFO:root:{'file': 'watch_folder\\Credit Card Fraud Detection.ipynb - Colab_files\\recaptcha__en_gb.js.download', 'status': 'Uploaded', 'time': '2025-05-06 21:48:25'}
INFO:root:{'file': 'watch_folder\\Credit Card Fraud Detection.ipynb - Colab_files\\RotateCookiesPage.html', 'status': 'Uploaded', 'time': '2025-05-06 21:48:27'}
INFO:root:{'file': 'watch_folder\\Credit Card Fraud Detection.ipynb - Colab_files\\RotateCookiesPage.html', 'status': 'Uploaded', 'time': '2025-05-06 21:48:27'}
INFO:werkzeug:127.0.0.1 - - [06/May/2025 21:48:27] "GET / HTTP/1.1" 200 -
INFO:root:{'file': 'watch_folder\\Credit Card Fraud Detection.ipynb - Colab_files\\RotateCookiesPage.html', 'status': 'Uploaded', 'time': '2025-05-06 21:48:29'}
INFO:root:{'file': 'watch_folder\\Credit Card Fraud Detection.ipynb - Colab_files\\RotateCookiesPage.html', 'status': 'Uploaded', 'time': '2025-05-06 21:48:29'}
INFO:root:{'file': 'watch_folder\\Credit Card Fraud Detection.ipynb - Colab_files\\RotateCookiesPage.html', 'status': 'Uploaded', 'time': '2025-05-06 21:48:31'}
INFO:root:{'file': 'watch_folder\\Credit Card Fraud Detection.ipynb - Colab_files\\rs=AA2YrTs4SLbgh5FvGZPW_Ny7TyTdXfy6xA', 'status': 'Uploaded', 'time': '2025-05-06 21:48:33'}
INFO:root:{'file': 'watch_folder\\Credit Card Fraud Detection.ipynb - Colab_files\\rs=AA2YrTs4SLbgh5FvGZPW_Ny7TyTdXfy6xA', 'status': 'Uploaded', 'time': '2025-05-06 21:48:35'}
INFO:root:{'file': 'watch_folder\\Credit Card Fraud Detection.ipynb - Colab_files\\rs=AA2YrTs4SLbgh5FvGZPW_Ny7TyTdXfy6xA', 'status': 'Uploaded', 'time': '2025-05-06 21:48:37'}
INFO:root:{'file': 'watch_folder\\Credit Card Fraud Detection.ipynb - Colab_files\\rs=AA2YrTt16WS-AyvNEln9-TaO-tZR_15utQ', 'status': 'Uploaded', 'time': '2025-05-06 21:48:39'}
INFO:root:{'file': 'watch_folder\\Credit Card Fraud Detection.ipynb - Colab_files\\rs=AA2YrTt16WS-AyvNEln9-TaO-tZR_15utQ', 'status': 'Uploaded', 'time': '2025-05-06 21:48:41'}
INFO:root:{'file': 'watch_folder\\Credit Card Fraud Detection.ipynb - Colab_files\\rs=AA2YrTt16WS-AyvNEln9-TaO-tZR_15utQ', 'status': 'Uploaded', 'time': '2025-05-06 21:48:41'}
INFO:root:{'file': 'watch_folder\\Credit Card Fraud Detection.ipynb - Colab_files\\rs=AA2YrTt16WS-AyvNEln9-TaO-tZR_15utQ', 'status': 'Uploaded', 'time': '2025-05-06 21:48:43'}
INFO:root:{'file': 'watch_folder\\Credit Card Fraud Detection.ipynb - Colab_files\\saved_resource(1).html', 'status': 'Uploaded', 'time': '2025-05-06 21:48:45'}
INFO:root:{'file': 'watch_folder\\Credit Card Fraud Detection.ipynb - Colab_files\\saved_resource(1).html', 'status': 'Uploaded', 'time': '2025-05-06 21:48:47'}
INFO:root:{'file': 'watch_folder\\Credit Card Fraud Detection.ipynb - Colab_files\\saved_resource(1).html', 'status': 'Uploaded', 'time': '2025-05-06 21:48:47'}
INFO:root:{'file': 'watch_folder\\Credit Card Fraud Detection.ipynb - Colab_files\\saved_resource.html', 'status': 'Uploaded', 'time': '2025-05-06 21:48:49'}
INFO:root:{'file': 'watch_folder\\Credit Card Fraud Detection.ipynb - Colab_files\\saved_resource.html', 'status': 'Uploaded', 'time': '2025-05-06 21:48:51'}
INFO:root:{'file': 'watch_folder\\Credit Card Fraud Detection.ipynb - Colab_files\\socketio_binary.js.download', 'status': 'Uploaded', 'time': '2025-05-06 21:48:53'}
INFO:root:{'file': 'watch_folder\\Credit Card Fraud Detection.ipynb - Colab_files\\socketio_binary.js.download', 'status': 'Uploaded', 'time': '2025-05-06 21:48:53'}
INFO:root:{'file': 'watch_folder\\Credit Card Fraud Detection.ipynb - Colab_files\\socketio_binary.js.download', 'status': 'Uploaded', 'time': '2025-05-06 21:48:55'}
INFO:root:{'file': 'watch_folder\\Credit Card Fraud Detection.ipynb - Colab_files\\socketio_binary.js.download', 'status': 'Uploaded', 'time': '2025-05-06 21:48:57'}
INFO:root:{'file': 'watch_folder\\Credit Card Fraud Detection.ipynb - Colab_files\\socketio_binary.js.download', 'status': 'Uploaded', 'time': '2025-05-06 21:48:57'}
INFO:root:{'file': 'watch_folder\\Credit Card Fraud Detection.ipynb - Colab_files\\styles__ltr.css', 'status': 'Uploaded', 'time': '2025-05-06 21:48:59'}
INFO:root:{'file': 'watch_folder\\Credit Card Fraud Detection.ipynb - Colab_files\\styles__ltr.css', 'status': 'Uploaded', 'time': '2025-05-06 21:49:01'}
INFO:root:{'file': 'watch_folder\\Credit Card Fraud Detection.ipynb - Colab_files\\styles__ltr.css', 'status': 'Uploaded', 'time': '2025-05-06 21:49:03'}
INFO:root:{'file': 'watch_folder\\Credit Card Fraud Detection.ipynb - Colab_files\\unnamed.jpg', 'status': 'Uploaded', 'time': '2025-05-06 21:49:05'}
INFO:root:{'file': 'watch_folder\\Credit Card Fraud Detection.ipynb - Colab_files\\unnamed.jpg', 'status': 'Uploaded', 'time': '2025-05-06 21:49:07'}
INFO:root:{'file': 'watch_folder\\Credit Card Fraud Detection.ipynb - Colab_files\\unnamed.jpg', 'status': 'Uploaded', 'time': '2025-05-06 21:49:07'}
INFO:root:{'file': 'watch_folder\\Credit Card Fraud Detection.ipynb - Colab_files\\unnamed.jpg', 'status': 'Uploaded', 'time': '2025-05-06 21:49:09'}
INFO:root:{'file': 'watch_folder\\Credit Card Fraud Detection.ipynb - Colab.html', 'status': 'Uploaded', 'time': '2025-05-06 21:49:11'}
INFO:root:{'file': 'watch_folder\\Credit Card Fraud Detection.ipynb - Colab.html', 'status': 'Uploaded', 'time': '2025-05-06 21:49:11'}
INFO:root:{'file': 'watch_folder\\Credit Card Fraud Detection.ipynb - Colab.html', 'status': 'Uploaded', 'time': '2025-05-06 21:49:13'}
INFO:root:{'file': 'watch_folder\\Credit Card Fraud Detection.ipynb - Colab.html', 'status': 'Uploaded', 'time': '2025-05-06 21:49:13'}
INFO:root:{'file': 'watch_folder\\java2.pdf', 'status': 'Uploaded', 'time': '2025-05-06 21:49:15'}
INFO:root:{'file': 'watch_folder\\java2.pdf', 'status': 'Uploaded', 'time': '2025-05-06 21:49:15'}
INFO:root:{'file': 'watch_folder\\java2.pdf', 'status': 'Uploaded', 'time': '2025-05-06 21:49:17'}
INFO:root:{'file': 'watch_folder\\Credit Card Fraud Detection.ipynb - Colab_files', 'status': 'Deleted', 'time': '2025-05-06 21:49:17'}
INFO:root:{'file': 'watch_folder\\Credit Card Fraud Detection.ipynb - Colab.html', 'status': 'Deleted', 'time': '2025-05-06 21:49:17'}
INFO:root:{'file': 'watch_folder\\java2.pdf', 'status': 'Uploaded', 'time': '2025-05-06 21:49:17'}
INFO:root:{'file': 'watch_folder\\Credit Card Fraud Detection.ipynb - Colab_files', 'status': 'Deleted', 'time': '2025-05-06 21:49:17'}
INFO:root:{'file': 'watch_folder\\Credit Card Fraud Detection.ipynb - Colab.html', 'status': 'Deleted', 'time': '2025-05-06 21:49:17'}
INFO:werkzeug:127.0.0.1 - - [06/May/2025 21:50:41] "GET / HTTP/1.1" 200 -
